[debug] [2022-01-14T06:16:20.176Z] ----------------------------------------------------------------------
[debug] [2022-01-14T06:16:20.178Z] Command:       C:\Program Files\nodejs\node.exe C:\Users\SURABHI\AppData\Roaming\npm\node_modules\firebase-tools\lib\bin\firebase.js init
[debug] [2022-01-14T06:16:20.179Z] CLI Version:   10.1.0
[debug] [2022-01-14T06:16:20.179Z] Platform:      win32
[debug] [2022-01-14T06:16:20.179Z] Node Version:  v14.17.3
[debug] [2022-01-14T06:16:20.180Z] Time:          Fri Jan 14 2022 11:46:20 GMT+0530 (India Standard Time)
[debug] [2022-01-14T06:16:20.180Z] ----------------------------------------------------------------------
[debug] 
[debug] [2022-01-14T06:16:20.247Z] > command requires scopes: ["email","openid","https://www.googleapis.com/auth/cloudplatformprojects.readonly","https://www.googleapis.com/auth/firebase","https://www.googleapis.com/auth/cloud-platform"]
[debug] [2022-01-14T06:16:20.247Z] > authorizing via signed-in user (surabhibyju07@gmail.com)
[info] 
     ######## #### ########  ######## ########     ###     ######  ########
     ##        ##  ##     ## ##       ##     ##  ##   ##  ##       ##
     ######    ##  ########  ######   ########  #########  ######  ######
     ##        ##  ##    ##  ##       ##     ## ##     ##       ## ##
     ##       #### ##     ## ######## ########  ##     ##  ######  ########

You're about to initialize a Firebase project in this directory:

  C:\Users\SURABHI

Before we get started, keep in mind:

  * You are initializing within an existing Firebase project directory

[info] 
=== Project Setup
[info] 
[info] First, let's associate this project directory with a Firebase project.
[info] You can create multiple project aliases by running firebase use --add, 
[info] but for now we'll just set up a default project.
[info] 
[debug] [2022-01-14T06:16:35.771Z] Using project from CLI flag: nodejs-crud-app
[debug] [2022-01-14T06:16:35.775Z] >>> [apiv2][query] GET https://firebase.googleapis.com/v1beta1/projects/nodejs-crud-app [none]
[debug] [2022-01-14T06:16:36.469Z] <<< [apiv2][status] GET https://firebase.googleapis.com/v1beta1/projects/nodejs-crud-app 403
[debug] [2022-01-14T06:16:36.470Z] <<< [apiv2][body] GET https://firebase.googleapis.com/v1beta1/projects/nodejs-crud-app {"error":{"code":403,"message":"The caller does not have permission","status":"PERMISSION_DENIED"}}
[debug] [2022-01-14T06:16:36.470Z] HTTP Error: 403, The caller does not have permission
[debug] [2022-01-14T06:16:36.661Z] FirebaseError: HTTP Error: 403, The caller does not have permission
    at module.exports (C:\Users\SURABHI\AppData\Roaming\npm\node_modules\firebase-tools\lib\responseToError.js:38:12)
    at Client.doRequest (C:\Users\SURABHI\AppData\Roaming\npm\node_modules\firebase-tools\lib\apiv2.js:241:23)
    at processTicksAndRejections (internal/process/task_queues.js:95:5)
    at async Client.request (C:\Users\SURABHI\AppData\Roaming\npm\node_modules\firebase-tools\lib\apiv2.js:96:20)
    at async getFirebaseProject (C:\Users\SURABHI\AppData\Roaming\npm\node_modules\firebase-tools\lib\management\projects.js:290:21)
    at async Object.doSetup [as project] (C:\Users\SURABHI\AppData\Roaming\npm\node_modules\firebase-tools\lib\init\features\project.js:85:27)
    at async init (C:\Users\SURABHI\AppData\Roaming\npm\node_modules\firebase-tools\lib\init\index.js:19:9)
[error] 
[error] Error: Failed to get Firebase project nodejs-crud-app. Please make sure the project exists and your account has permission to access it.
